<?xml version="1.0" encoding="UTF-8"?>
<testsuite name="com.prototype.board.BoardApplicationTests" tests="1" skipped="0" failures="0" errors="0" timestamp="2024-05-31T15:55:16" hostname="DESKTOP-R4F8AVT" time="1.309">
  <properties/>
  <testcase name="contextLoads()" classname="com.prototype.board.BoardApplicationTests" time="1.309"/>
  <system-out><![CDATA[23:55:12.552 [Test worker] INFO org.springframework.test.context.support.AnnotationConfigContextLoaderUtils -- Could not detect default configuration classes for test class [com.prototype.board.BoardApplicationTests]: BoardApplicationTests does not declare any static, non-private, non-final, nested classes annotated with @Configuration.
23:55:12.706 [Test worker] INFO org.springframework.boot.test.context.SpringBootTestContextBootstrapper -- Found @SpringBootConfiguration com.prototype.board.BoardApplication for test class com.prototype.board.BoardApplicationTests

  .   ____          _            __ _ _
 /\\ / ___'_ __ _ _(_)_ __  __ _ \ \ \ \
( ( )\___ | '_ | '_| | '_ \/ _` | \ \ \ \
 \\/  ___)| |_)| | | | | || (_| |  ) ) ) )
  '  |____| .__|_| |_|_| |_\__, | / / / /
 =========|_|==============|___/=/_/_/_/
 :: Spring Boot ::                (v3.1.8)

2024-05-31T23:55:13.966+08:00  INFO 18480 --- [    Test worker] c.prototype.board.BoardApplicationTests  : Starting BoardApplicationTests using Java 21.0.1 with PID 18480 (started by SAM1 in C:\Users\SAM1\OneDrive\Desktop\xxxx\SE_Team_Project-prototype)
2024-05-31T23:55:13.968+08:00  INFO 18480 --- [    Test worker] c.prototype.board.BoardApplicationTests  : No active profile set, falling back to 1 default profile: "default"
2024-05-31T23:55:15.138+08:00  WARN 18480 --- [    Test worker] o.m.s.mapper.ClassPathMapperScanner      : No MyBatis mapper was found in '[com.prototype.board]' package. Please check your configuration.
2024-05-31T23:55:16.362+08:00  INFO 18480 --- [    Test worker] o.s.b.a.w.s.WelcomePageHandlerMapping    : Adding welcome page template: index
2024-05-31T23:55:16.732+08:00  INFO 18480 --- [    Test worker] c.prototype.board.BoardApplicationTests  : Started BoardApplicationTests in 3.362 seconds (process running for 5.471)
]]></system-out>
  <system-err><![CDATA[WARNING: A Java agent has been loaded dynamically (C:\Users\SAM1\.gradle\caches\modules-2\files-2.1\net.bytebuddy\byte-buddy-agent\1.14.11\f9cb566608fbac6bc7bf54901a7aa11543a989ee\byte-buddy-agent-1.14.11.jar)
WARNING: If a serviceability tool is in use, please run with -XX:+EnableDynamicAgentLoading to hide this warning
WARNING: If a serviceability tool is not in use, please run with -Djdk.instrument.traceUsage for more information
WARNING: Dynamic loading of agents will be disallowed by default in a future release
]]></system-err>
</testsuite>
